<?xml version="1.0" encoding="UTF-8"?>
<coverage generated="1723024637181" clover="3.2.0">
  <project timestamp="1723024637181" name="All files">
    <metrics statements="4" coveredstatements="3" conditionals="2" coveredconditionals="1" methods="2" coveredmethods="1" elements="8" coveredelements="5" complexity="0" loc="4" ncloc="4" packages="1" files="2" classes="2"/>
    <file name="index.ts" path="D:\web\my\create-packer\template\lib\workspace\packages\ts\src\index.ts">
      <metrics statements="1" coveredstatements="0" conditionals="1" coveredconditionals="0" methods="1" coveredmethods="0"/>
      <line num="1" count="0" type="cond" truecount="0" falsecount="1"/>
    </file>
    <file name="sum.ts" path="D:\web\my\create-packer\template\lib\workspace\packages\ts\src\sum.ts">
      <metrics statements="3" coveredstatements="3" conditionals="1" coveredconditionals="1" methods="1" coveredmethods="1"/>
      <line num="1" count="1" type="cond" truecount="1" falsecount="0"/>
      <line num="2" count="1" type="stmt"/>
      <line num="3" count="1" type="stmt"/>
    </file>
  </project>
</coverage>
